<?xml version="1.0" encoding="UTF-8"?>
<!-- Generated by org.testng.reporters.JUnitXMLReporter -->
<testsuite ignored="0" hostname="DESKTOP-8V19EOH" failures="1" tests="12" name="Home Page Test" time="47.867" errors="0" timestamp="2025-02-14T15:25:07 IST">
  <testcase classname="com.qa.opencart.test.HomePageTest" name="headersTest" time="0.251"/>
  <testcase classname="com.qa.opencart.test.HomePageTest" name="homePageTitleTest" time="0.062"/>
  <testcase classname="com.qa.opencart.test.HomePageTest" name="homePageURLTest" time="5.343">
    <skipped/>
  </testcase> <!-- homePageURLTest -->
  <testcase classname="com.qa.opencart.test.HomePageTest" name="homePageURLTest" time="5.368">
    <skipped/>
  </testcase> <!-- homePageURLTest -->
  <testcase classname="com.qa.opencart.test.HomePageTest" name="homePageURLTest" time="5.25">
    <skipped/>
  </testcase> <!-- homePageURLTest -->
  <testcase classname="com.qa.opencart.test.HomePageTest" name="homePageURLTest" time="5.224">
    <failure type="java.lang.NullPointerException" message="Cannot invoke &amp;quot;String.contains(java.lang.CharSequence)&amp;quot; because the return value of &amp;quot;com.qa.opecart.pages.HomePage.getHomePageURL()&amp;quot; is null">
      <![CDATA[java.lang.NullPointerException: Cannot invoke "String.contains(java.lang.CharSequence)" because the return value of "com.qa.opecart.pages.HomePage.getHomePageURL()" is null
at com.qa.opencart.test.HomePageTest.homePageURLTest(HomePageTest.java:32)
at java.base/java.util.ArrayList.forEach(ArrayList.java:1597)
at java.base/java.util.concurrent.FutureTask.run(FutureTask.java:317)
at java.base/java.util.concurrent.ThreadPoolExecutor.runWorker(ThreadPoolExecutor.java:1144)
at java.base/java.util.concurrent.ThreadPoolExecutor$Worker.run(ThreadPoolExecutor.java:642)
at java.base/java.lang.Thread.run(Thread.java:1575)
... Removed 15 stack frames]]>
    </failure>
  </testcase> <!-- homePageURLTest -->
  <testcase classname="com.qa.opencart.test.HomePageTest" name="logoutLinkExistTest" time="0.099"/>
  <testcase classname="com.qa.opencart.test.HomePageTest" name="searchTest" time="0.996"/>
  <testcase classname="com.qa.opencart.test.HomePageTest" name="searchTest" time="0.977"/>
  <testcase classname="com.qa.opencart.test.HomePageTest" name="searchTest" time="0.948"/>
  <testcase classname="com.qa.opencart.test.HomePageTest" name="searchTest" time="0.813"/>
  <testcase classname="com.qa.opencart.test.HomePageTest" name="searchTest" time="10.842"/>
</testsuite> <!-- Home Page Test -->
