<?xml version="1.0" encoding="UTF-8"?>
<!-- Generated by org.testng.reporters.JUnitXMLReporter -->
<testsuite ignored="0" hostname="DESKTOP-8V19EOH" failures="1" tests="12" name="Login Page Test" time="35.233" errors="0" timestamp="2025-02-14T15:24:55 IST">
  <testcase classname="com.qa.opencart.test.LoginPageTest" name="footerTest" time="1.334"/>
  <testcase classname="com.qa.opencart.test.LoginPageTest" name="footerTest" time="1.104"/>
  <testcase classname="com.qa.opencart.test.LoginPageTest" name="footerTest" time="0.456"/>
  <testcase classname="com.qa.opencart.test.LoginPageTest" name="footerTest" time="0.334"/>
  <testcase classname="com.qa.opencart.test.LoginPageTest" name="forgotPwdLinkExistTest" time="0.064"/>
  <testcase classname="com.qa.opencart.test.LoginPageTest" name="loginPageTitleTest" time="5.357">
    <skipped/>
  </testcase> <!-- loginPageTitleTest -->
  <testcase classname="com.qa.opencart.test.LoginPageTest" name="loginPageTitleTest" time="5.329">
    <skipped/>
  </testcase> <!-- loginPageTitleTest -->
  <testcase classname="com.qa.opencart.test.LoginPageTest" name="loginPageTitleTest" time="5.261">
    <skipped/>
  </testcase> <!-- loginPageTitleTest -->
  <testcase classname="com.qa.opencart.test.LoginPageTest" name="loginPageTitleTest" time="5.19">
    <failure type="java.lang.AssertionError" message="==Title is not matched== expected [Account Logins] but found [null]">
      <![CDATA[java.lang.AssertionError: ==Title is not matched== expected [Account Logins] but found [null]
at com.qa.opencart.test.LoginPageTest.loginPageTitleTest(LoginPageTest.java:32)
at java.base/java.util.ArrayList.forEach(ArrayList.java:1597)
at java.base/java.util.concurrent.FutureTask.run(FutureTask.java:317)
at java.base/java.util.concurrent.ThreadPoolExecutor.runWorker(ThreadPoolExecutor.java:1144)
at java.base/java.util.concurrent.ThreadPoolExecutor$Worker.run(ThreadPoolExecutor.java:642)
at java.base/java.lang.Thread.run(Thread.java:1575)
... Removed 20 stack frames]]>
    </failure>
  </testcase> <!-- loginPageTitleTest -->
  <testcase classname="com.qa.opencart.test.LoginPageTest" name="loginPageURLTest" time="0.046"/>
  <testcase classname="com.qa.opencart.test.LoginPageTest" name="logoTest" time="0.065"/>
  <testcase classname="com.qa.opencart.test.LoginPageTest" name="loginTest" time="1.606"/>
</testsuite> <!-- Login Page Test -->
