<!DOCTYPE html PUBLIC "-//W3C//DTD XHTML 1.1//EN" "https://www.w3.org/TR/xhtml11/DTD/xhtml11.dtd">
<html xmlns="https://www.w3.org/1999/xhtml">
<head>
<meta http-equiv="content-type" content="text/html; charset=UTF-8"/>
<title>TestNG Report</title>
<style type="text/css">table {margin-bottom:10px;border-collapse:collapse;empty-cells:show}th,td {border:1px solid #009;padding:.25em .5em}th {vertical-align:bottom}td {vertical-align:top}table a {font-weight:bold}.stripe td {background-color: #E6EBF9}.num {text-align:right}.passedodd td {background-color: #3F3}.passedeven td {background-color: #0A0}.skippedodd td {background-color: #DDD}.skippedeven td {background-color: #CCC}.failedodd td,.attn {background-color: #F33}.failedeven td,.stripe .attn {background-color: #D00}.stacktrace {white-space:pre;font-family:monospace}.totop {font-size:85%;text-align:center;border-bottom:2px solid #000}.invisible {display:none}</style>
</head>
<body>
<table>
<tr><th>Test</th><th># Passed</th><th># Skipped</th><th># Retried</th><th># Failed</th><th>Time (ms)</th><th>Included Groups</th><th>Excluded Groups</th></tr>
<tr><th colspan="8">Opencart App Test Regression Suite</th></tr>
<tr><td><a href="#t0">Product Info Page Test</a></td><td class="num">9</td><td class="num">0</td><td class="num">0</td><td class="num">0</td><td class="num">26,168</td><td></td><td></td></tr>
<tr class="stripe"><td><a href="#t1">Login Page Test</a></td><td class="num">8</td><td class="num">0</td><td class="num attn">3</td><td class="num attn">1</td><td class="num">35,233</td><td></td><td></td></tr>
<tr><td><a href="#t2">Home Page Test</a></td><td class="num">8</td><td class="num">0</td><td class="num attn">3</td><td class="num attn">1</td><td class="num">47,867</td><td></td><td></td></tr>
<tr><th>Total</th><th class="num">25</th><th class="num">0</th><th class="num attn">6</th><th class="num attn">2</th><th class="num">109,268</th><th colspan="2"></th></tr>
</table>
<table id='summary'><thead><tr><th>Class</th><th>Method</th><th>Start</th><th>Time (ms)</th></tr></thead><tbody><tr><th colspan="4">Opencart App Test Regression Suite</th></tr></tbody><tbody id="t0"><tr><th colspan="4">Product Info Page Test &#8212; passed</th></tr><tr class="passedeven"><td rowspan="9">com.qa.opencart.test.ProductInfoPageTest</td><td><a href="#m0">productImagesCountTest</a></td><td rowspan="5">1739526877259</td><td rowspan="5">2036</td></tr><tr class="passedeven"><td><a href="#m1">productImagesCountTest</a></td></tr><tr class="passedeven"><td><a href="#m2">productImagesCountTest</a></td></tr><tr class="passedeven"><td><a href="#m3">productImagesCountTest</a></td></tr><tr class="passedeven"><td><a href="#m4">productImagesCountTest</a></td></tr><tr class="passedeven"><td><a href="#m5">productInfoTest</a></td><td rowspan="1">1739526880967</td><td rowspan="1">1374</td></tr><tr class="passedeven"><td><a href="#m6">productSearchHeaderTest</a></td><td rowspan="3">1739526882347</td><td rowspan="3">1230</td></tr><tr class="passedeven"><td><a href="#m7">productSearchHeaderTest</a></td></tr><tr class="passedeven"><td><a href="#m8">productSearchHeaderTest</a></td></tr></tbody>
<tbody id="t1"><tr><th colspan="4">Login Page Test &#8212; failed</th></tr><tr class="failedeven"><td rowspan="1">com.qa.opencart.test.LoginPageTest</td><td><a href="#m9">loginPageTitleTest</a></td><td rowspan="1">1739526887420</td><td rowspan="1">5190</td></tr><tr><th colspan="4">Login Page Test &#8212; retried</th></tr><tr class="retriedeven"><td rowspan="3">com.qa.opencart.test.LoginPageTest</td><td><a href="#m10">loginPageTitleTest</a></td><td rowspan="3">1739526870823</td><td rowspan="3">5357</td></tr><tr class="retriedeven"><td><a href="#m11">loginPageTitleTest</a></td></tr><tr class="retriedeven"><td><a href="#m12">loginPageTitleTest</a></td></tr><tr><th colspan="4">Login Page Test &#8212; passed</th></tr><tr class="passedeven"><td rowspan="8">com.qa.opencart.test.LoginPageTest</td><td><a href="#m13">footerTest</a></td><td rowspan="4">1739526866903</td><td rowspan="4">1334</td></tr><tr class="passedeven"><td><a href="#m14">footerTest</a></td></tr><tr class="passedeven"><td><a href="#m15">footerTest</a></td></tr><tr class="passedeven"><td><a href="#m16">footerTest</a></td></tr><tr class="passedeven"><td><a href="#m17">forgotPwdLinkExistTest</a></td><td rowspan="1">1739526870749</td><td rowspan="1">64</td></tr><tr class="passedeven"><td><a href="#m18">loginPageURLTest</a></td><td rowspan="1">1739526892943</td><td rowspan="1">46</td></tr><tr class="passedeven"><td><a href="#m19">loginTest</a></td><td rowspan="1">1739526893081</td><td rowspan="1">1606</td></tr><tr class="passedeven"><td><a href="#m20">logoTest</a></td><td rowspan="1">1739526893002</td><td rowspan="1">65</td></tr></tbody>
<tbody id="t2"><tr><th colspan="4">Home Page Test &#8212; failed</th></tr><tr class="failedeven"><td rowspan="1">com.qa.opencart.test.HomePageTest</td><td><a href="#m21">homePageURLTest</a></td><td rowspan="1">1739526886658</td><td rowspan="1">5224</td></tr><tr><th colspan="4">Home Page Test &#8212; retried</th></tr><tr class="retriedeven"><td rowspan="3">com.qa.opencart.test.HomePageTest</td><td><a href="#m22">homePageURLTest</a></td><td rowspan="3">1739526875505</td><td rowspan="3">5368</td></tr><tr class="retriedeven"><td><a href="#m23">homePageURLTest</a></td></tr><tr class="retriedeven"><td><a href="#m24">homePageURLTest</a></td></tr><tr><th colspan="4">Home Page Test &#8212; passed</th></tr><tr class="passedeven"><td rowspan="8">com.qa.opencart.test.HomePageTest</td><td><a href="#m25">headersTest</a></td><td rowspan="1">1739526869465</td><td rowspan="1">251</td></tr><tr class="passedeven"><td><a href="#m26">homePageTitleTest</a></td><td rowspan="1">1739526869740</td><td rowspan="1">62</td></tr><tr class="passedeven"><td><a href="#m27">logoutLinkExistTest</a></td><td rowspan="1">1739526892581</td><td rowspan="1">99</td></tr><tr class="passedeven"><td><a href="#m28">searchTest</a></td><td rowspan="5">1739526893700</td><td rowspan="5">977</td></tr><tr class="passedeven"><td><a href="#m29">searchTest</a></td></tr><tr class="passedeven"><td><a href="#m30">searchTest</a></td></tr><tr class="passedeven"><td><a href="#m31">searchTest</a></td></tr><tr class="passedeven"><td><a href="#m32">searchTest</a></td></tr></tbody>
</table>
<h2>Product Info Page Test</h2><h3 id="m0">com.qa.opencart.test.ProductInfoPageTest#productImagesCountTest</h3><table class="result"><tr class="param"><th>Parameter #1</th><th>Parameter #2</th><th>Parameter #3</th></tr><tr class="param stripe"><td>samsung</td><td>Samsung SyncMaster 941BW</td><td>1</td></tr></table><p class="totop"><a href="#summary">back to summary</a></p>
<h3 id="m1">com.qa.opencart.test.ProductInfoPageTest#productImagesCountTest</h3><table class="result"><tr class="param"><th>Parameter #1</th><th>Parameter #2</th><th>Parameter #3</th></tr><tr class="param stripe"><td>macbook</td><td>MacBook Pro</td><td>4</td></tr></table><p class="totop"><a href="#summary">back to summary</a></p>
<h3 id="m2">com.qa.opencart.test.ProductInfoPageTest#productImagesCountTest</h3><table class="result"><tr class="param"><th>Parameter #1</th><th>Parameter #2</th><th>Parameter #3</th></tr><tr class="param stripe"><td>samsung</td><td>Samsung Galaxy Tab 10.1</td><td>7</td></tr></table><p class="totop"><a href="#summary">back to summary</a></p>
<h3 id="m3">com.qa.opencart.test.ProductInfoPageTest#productImagesCountTest</h3><table class="result"><tr class="param"><th>Parameter #1</th><th>Parameter #2</th><th>Parameter #3</th></tr><tr class="param stripe"><td>imac</td><td>iMac</td><td>3</td></tr></table><p class="totop"><a href="#summary">back to summary</a></p>
<h3 id="m4">com.qa.opencart.test.ProductInfoPageTest#productImagesCountTest</h3><table class="result"><tr class="param"><th>Parameter #1</th><th>Parameter #2</th><th>Parameter #3</th></tr><tr class="param stripe"><td>macbook</td><td>MacBook Air</td><td>4</td></tr></table><p class="totop"><a href="#summary">back to summary</a></p>
<h3 id="m5">com.qa.opencart.test.ProductInfoPageTest#productInfoTest</h3><table class="result"><tr><th class="invisible"/></tr></table><p class="totop"><a href="#summary">back to summary</a></p>
<h3 id="m6">com.qa.opencart.test.ProductInfoPageTest#productSearchHeaderTest</h3><table class="result"><tr class="param"><th>Parameter #1</th><th>Parameter #2</th></tr><tr class="param stripe"><td>macbook</td><td>MacBook Pro</td></tr></table><p class="totop"><a href="#summary">back to summary</a></p>
<h3 id="m7">com.qa.opencart.test.ProductInfoPageTest#productSearchHeaderTest</h3><table class="result"><tr class="param"><th>Parameter #1</th><th>Parameter #2</th></tr><tr class="param stripe"><td>samsung</td><td>Samsung SyncMaster 941BW</td></tr></table><p class="totop"><a href="#summary">back to summary</a></p>
<h3 id="m8">com.qa.opencart.test.ProductInfoPageTest#productSearchHeaderTest</h3><table class="result"><tr class="param"><th>Parameter #1</th><th>Parameter #2</th></tr><tr class="param stripe"><td>imac</td><td>iMac</td></tr></table><p class="totop"><a href="#summary">back to summary</a></p>
<h2>Login Page Test</h2><h3 id="m9">com.qa.opencart.test.LoginPageTest#loginPageTitleTest</h3><table class="result"><tr><th>Exception</th></tr><tr><td><div class="stacktrace">java.lang.AssertionError: ==Title is not matched== expected [Account Logins] but found [null]
	at com.qa.opencart.test.LoginPageTest.loginPageTitleTest(LoginPageTest.java:32)
	at java.base/java.util.ArrayList.forEach(ArrayList.java:1597)
	at java.base/java.util.concurrent.FutureTask.run(FutureTask.java:317)
	at java.base/java.util.concurrent.ThreadPoolExecutor.runWorker(ThreadPoolExecutor.java:1144)
	at java.base/java.util.concurrent.ThreadPoolExecutor$Worker.run(ThreadPoolExecutor.java:642)
	at java.base/java.lang.Thread.run(Thread.java:1575)
... Removed 20 stack frames</div></td></tr></table><p class="totop"><a href="#summary">back to summary</a></p>
<h3 id="m10">com.qa.opencart.test.LoginPageTest#loginPageTitleTest</h3><table class="result"><tr><th>Exception</th></tr><tr><td><div class="stacktrace">java.lang.AssertionError: ==Title is not matched== expected [Account Logins] but found [null]
	at com.qa.opencart.test.LoginPageTest.loginPageTitleTest(LoginPageTest.java:32)
	at java.base/java.util.ArrayList.forEach(ArrayList.java:1597)
	at java.base/java.util.concurrent.FutureTask.run(FutureTask.java:317)
	at java.base/java.util.concurrent.ThreadPoolExecutor.runWorker(ThreadPoolExecutor.java:1144)
	at java.base/java.util.concurrent.ThreadPoolExecutor$Worker.run(ThreadPoolExecutor.java:642)
	at java.base/java.lang.Thread.run(Thread.java:1575)
... Removed 20 stack frames</div></td></tr></table><p class="totop"><a href="#summary">back to summary</a></p>
<h3 id="m11">com.qa.opencart.test.LoginPageTest#loginPageTitleTest</h3><table class="result"><tr><th>Exception</th></tr><tr><td><div class="stacktrace">java.lang.AssertionError: ==Title is not matched== expected [Account Logins] but found [null]
	at com.qa.opencart.test.LoginPageTest.loginPageTitleTest(LoginPageTest.java:32)
	at java.base/java.util.ArrayList.forEach(ArrayList.java:1597)
	at java.base/java.util.concurrent.FutureTask.run(FutureTask.java:317)
	at java.base/java.util.concurrent.ThreadPoolExecutor.runWorker(ThreadPoolExecutor.java:1144)
	at java.base/java.util.concurrent.ThreadPoolExecutor$Worker.run(ThreadPoolExecutor.java:642)
	at java.base/java.lang.Thread.run(Thread.java:1575)
... Removed 20 stack frames</div></td></tr></table><p class="totop"><a href="#summary">back to summary</a></p>
<h3 id="m12">com.qa.opencart.test.LoginPageTest#loginPageTitleTest</h3><table class="result"><tr><th>Exception</th></tr><tr><td><div class="stacktrace">java.lang.AssertionError: ==Title is not matched== expected [Account Logins] but found [null]
	at com.qa.opencart.test.LoginPageTest.loginPageTitleTest(LoginPageTest.java:32)
	at java.base/java.util.ArrayList.forEach(ArrayList.java:1597)
	at java.base/java.util.concurrent.FutureTask.run(FutureTask.java:317)
	at java.base/java.util.concurrent.ThreadPoolExecutor.runWorker(ThreadPoolExecutor.java:1144)
	at java.base/java.util.concurrent.ThreadPoolExecutor$Worker.run(ThreadPoolExecutor.java:642)
	at java.base/java.lang.Thread.run(Thread.java:1575)
... Removed 20 stack frames</div></td></tr></table><p class="totop"><a href="#summary">back to summary</a></p>
<h3 id="m13">com.qa.opencart.test.LoginPageTest#footerTest</h3><table class="result"><tr class="param"><th>Parameter #1</th></tr><tr class="param stripe"><td>About Us</td></tr></table><p class="totop"><a href="#summary">back to summary</a></p>
<h3 id="m14">com.qa.opencart.test.LoginPageTest#footerTest</h3><table class="result"><tr class="param"><th>Parameter #1</th></tr><tr class="param stripe"><td>Order History</td></tr></table><p class="totop"><a href="#summary">back to summary</a></p>
<h3 id="m15">com.qa.opencart.test.LoginPageTest#footerTest</h3><table class="result"><tr class="param"><th>Parameter #1</th></tr><tr class="param stripe"><td>Specials</td></tr></table><p class="totop"><a href="#summary">back to summary</a></p>
<h3 id="m16">com.qa.opencart.test.LoginPageTest#footerTest</h3><table class="result"><tr class="param"><th>Parameter #1</th></tr><tr class="param stripe"><td>Contact Us</td></tr></table><p class="totop"><a href="#summary">back to summary</a></p>
<h3 id="m17">com.qa.opencart.test.LoginPageTest#forgotPwdLinkExistTest</h3><table class="result"><tr><th class="invisible"/></tr></table><p class="totop"><a href="#summary">back to summary</a></p>
<h3 id="m18">com.qa.opencart.test.LoginPageTest#loginPageURLTest</h3><table class="result"><tr><th class="invisible"/></tr></table><p class="totop"><a href="#summary">back to summary</a></p>
<h3 id="m19">com.qa.opencart.test.LoginPageTest#loginTest</h3><table class="result"><tr><th class="invisible"/></tr></table><p class="totop"><a href="#summary">back to summary</a></p>
<h3 id="m20">com.qa.opencart.test.LoginPageTest#logoTest</h3><table class="result"><tr><th class="invisible"/></tr></table><p class="totop"><a href="#summary">back to summary</a></p>
<h2>Home Page Test</h2><h3 id="m21">com.qa.opencart.test.HomePageTest#homePageURLTest</h3><table class="result"><tr><th>Exception</th></tr><tr><td><div class="stacktrace">java.lang.NullPointerException: Cannot invoke &quot;String.contains(java.lang.CharSequence)&quot; because the return value of &quot;com.qa.opecart.pages.HomePage.getHomePageURL()&quot; is null
	at com.qa.opencart.test.HomePageTest.homePageURLTest(HomePageTest.java:32)
	at java.base/java.util.ArrayList.forEach(ArrayList.java:1597)
	at java.base/java.util.concurrent.FutureTask.run(FutureTask.java:317)
	at java.base/java.util.concurrent.ThreadPoolExecutor.runWorker(ThreadPoolExecutor.java:1144)
	at java.base/java.util.concurrent.ThreadPoolExecutor$Worker.run(ThreadPoolExecutor.java:642)
	at java.base/java.lang.Thread.run(Thread.java:1575)
... Removed 15 stack frames</div></td></tr></table><p class="totop"><a href="#summary">back to summary</a></p>
<h3 id="m22">com.qa.opencart.test.HomePageTest#homePageURLTest</h3><table class="result"><tr><th>Exception</th></tr><tr><td><div class="stacktrace">java.lang.NullPointerException: Cannot invoke &quot;String.contains(java.lang.CharSequence)&quot; because the return value of &quot;com.qa.opecart.pages.HomePage.getHomePageURL()&quot; is null
	at com.qa.opencart.test.HomePageTest.homePageURLTest(HomePageTest.java:32)
	at java.base/java.util.ArrayList.forEach(ArrayList.java:1597)
	at java.base/java.util.concurrent.FutureTask.run(FutureTask.java:317)
	at java.base/java.util.concurrent.ThreadPoolExecutor.runWorker(ThreadPoolExecutor.java:1144)
	at java.base/java.util.concurrent.ThreadPoolExecutor$Worker.run(ThreadPoolExecutor.java:642)
	at java.base/java.lang.Thread.run(Thread.java:1575)
... Removed 15 stack frames</div></td></tr></table><p class="totop"><a href="#summary">back to summary</a></p>
<h3 id="m23">com.qa.opencart.test.HomePageTest#homePageURLTest</h3><table class="result"><tr><th>Exception</th></tr><tr><td><div class="stacktrace">java.lang.NullPointerException: Cannot invoke &quot;String.contains(java.lang.CharSequence)&quot; because the return value of &quot;com.qa.opecart.pages.HomePage.getHomePageURL()&quot; is null
	at com.qa.opencart.test.HomePageTest.homePageURLTest(HomePageTest.java:32)
	at java.base/java.util.ArrayList.forEach(ArrayList.java:1597)
	at java.base/java.util.concurrent.FutureTask.run(FutureTask.java:317)
	at java.base/java.util.concurrent.ThreadPoolExecutor.runWorker(ThreadPoolExecutor.java:1144)
	at java.base/java.util.concurrent.ThreadPoolExecutor$Worker.run(ThreadPoolExecutor.java:642)
	at java.base/java.lang.Thread.run(Thread.java:1575)
... Removed 15 stack frames</div></td></tr></table><p class="totop"><a href="#summary">back to summary</a></p>
<h3 id="m24">com.qa.opencart.test.HomePageTest#homePageURLTest</h3><table class="result"><tr><th>Exception</th></tr><tr><td><div class="stacktrace">java.lang.NullPointerException: Cannot invoke &quot;String.contains(java.lang.CharSequence)&quot; because the return value of &quot;com.qa.opecart.pages.HomePage.getHomePageURL()&quot; is null
	at com.qa.opencart.test.HomePageTest.homePageURLTest(HomePageTest.java:32)
	at java.base/java.util.ArrayList.forEach(ArrayList.java:1597)
	at java.base/java.util.concurrent.FutureTask.run(FutureTask.java:317)
	at java.base/java.util.concurrent.ThreadPoolExecutor.runWorker(ThreadPoolExecutor.java:1144)
	at java.base/java.util.concurrent.ThreadPoolExecutor$Worker.run(ThreadPoolExecutor.java:642)
	at java.base/java.lang.Thread.run(Thread.java:1575)
... Removed 15 stack frames</div></td></tr></table><p class="totop"><a href="#summary">back to summary</a></p>
<h3 id="m25">com.qa.opencart.test.HomePageTest#headersTest</h3><table class="result"><tr><th class="invisible"/></tr></table><p class="totop"><a href="#summary">back to summary</a></p>
<h3 id="m26">com.qa.opencart.test.HomePageTest#homePageTitleTest</h3><table class="result"><tr><th class="invisible"/></tr></table><p class="totop"><a href="#summary">back to summary</a></p>
<h3 id="m27">com.qa.opencart.test.HomePageTest#logoutLinkExistTest</h3><table class="result"><tr><th class="invisible"/></tr></table><p class="totop"><a href="#summary">back to summary</a></p>
<h3 id="m28">com.qa.opencart.test.HomePageTest#searchTest</h3><table class="result"><tr class="param"><th>Parameter #1</th><th>Parameter #2</th></tr><tr class="param stripe"><td>imac</td><td>1</td></tr></table><p class="totop"><a href="#summary">back to summary</a></p>
<h3 id="m29">com.qa.opencart.test.HomePageTest#searchTest</h3><table class="result"><tr class="param"><th>Parameter #1</th><th>Parameter #2</th></tr><tr class="param stripe"><td>samsung</td><td>2</td></tr></table><p class="totop"><a href="#summary">back to summary</a></p>
<h3 id="m30">com.qa.opencart.test.HomePageTest#searchTest</h3><table class="result"><tr class="param"><th>Parameter #1</th><th>Parameter #2</th></tr><tr class="param stripe"><td>airtel</td><td>0</td></tr></table><p class="totop"><a href="#summary">back to summary</a></p>
<h3 id="m31">com.qa.opencart.test.HomePageTest#searchTest</h3><table class="result"><tr class="param"><th>Parameter #1</th><th>Parameter #2</th></tr><tr class="param stripe"><td>macbook</td><td>3</td></tr></table><p class="totop"><a href="#summary">back to summary</a></p>
<h3 id="m32">com.qa.opencart.test.HomePageTest#searchTest</h3><table class="result"><tr class="param"><th>Parameter #1</th><th>Parameter #2</th></tr><tr class="param stripe"><td>canon</td><td>1</td></tr></table><p class="totop"><a href="#summary">back to summary</a></p>
</body>
</html>
