<?xml version="1.0" encoding="UTF-8"?>
<testng-results retried="6" ignored="6" total="39" passed="25" failed="2" skipped="0">
  <reporter-output>
  </reporter-output>
  <suite started-at="2025-02-14T15:24:19 IST" name="Opencart App Test Regression Suite" finished-at="2025-02-14T15:25:07 IST" duration-ms="47867">
    <groups>
    </groups>
    <test started-at="2025-02-14T15:24:19 IST" name="Product Info Page Test" finished-at="2025-02-14T15:24:46 IST" duration-ms="26168">
      <class name="com.qa.opencart.test.ProductInfoPageTest">
        <test-method is-config="true" signature="setup(java.lang.String)[pri:0, instance:com.qa.opencart.test.ProductInfoPageTest@6e1b9411]" started-at="2025-02-14T15:24:19 IST" name="setup" description="setup: init the driver and properties" finished-at="2025-02-14T15:24:26 IST" duration-ms="6195" status="PASS">
          <params>
            <param index="0">
              <value>
                <![CDATA[chrome]]>
              </value>
            </param>
          </params>
          <reporter-output>
          </reporter-output>
        </test-method> <!-- setup -->
        <test-method is-config="true" signature="productInfoSetup()[pri:0, instance:com.qa.opencart.test.ProductInfoPageTest@6e1b9411]" started-at="2025-02-14T15:24:26 IST" name="productInfoSetup" finished-at="2025-02-14T15:24:29 IST" duration-ms="3214" status="PASS">
          <reporter-output>
          </reporter-output>
        </test-method> <!-- productInfoSetup -->
        <test-method signature="productImagesCountTest(java.lang.String,java.lang.String,java.lang.String)[pri:0, instance:com.qa.opencart.test.ProductInfoPageTest@6e1b9411]" started-at="2025-02-14T15:24:32 IST" name="productImagesCountTest" data-provider="getProductImageSheetData" finished-at="2025-02-14T15:24:33 IST" duration-ms="1603" status="PASS">
          <params>
            <param index="0">
              <value>
                <![CDATA[macbook]]>
              </value>
            </param>
            <param index="1">
              <value>
                <![CDATA[MacBook Pro]]>
              </value>
            </param>
            <param index="2">
              <value>
                <![CDATA[4]]>
              </value>
            </param>
          </params>
          <reporter-output>
          </reporter-output>
        </test-method> <!-- productImagesCountTest -->
        <test-method is-config="true" signature="attachScreenshot(org.testng.ITestResult)[pri:0, instance:com.qa.opencart.test.ProductInfoPageTest@6e1b9411]" started-at="2025-02-14T15:24:33 IST" name="attachScreenshot" finished-at="2025-02-14T15:24:33 IST" duration-ms="1" status="PASS">
          <params>
            <param index="0">
              <value>
                <![CDATA[[TestResult name=productImagesCountTest status=SUCCESS method=ProductInfoPageTest.productImagesCountTest(java.lang.String,java.lang.String,java.lang.String)[pri:0, instance:com.qa.opencart.test.ProductInfoPageTest@6e1b9411] output={null}]]]>
              </value>
            </param>
          </params>
          <reporter-output>
          </reporter-output>
        </test-method> <!-- attachScreenshot -->
        <test-method signature="productImagesCountTest(java.lang.String,java.lang.String,java.lang.String)[pri:0, instance:com.qa.opencart.test.ProductInfoPageTest@6e1b9411]" started-at="2025-02-14T15:24:33 IST" name="productImagesCountTest" data-provider="getProductImageSheetData" finished-at="2025-02-14T15:24:35 IST" duration-ms="1644" status="PASS">
          <params>
            <param index="0">
              <value>
                <![CDATA[macbook]]>
              </value>
            </param>
            <param index="1">
              <value>
                <![CDATA[MacBook Air]]>
              </value>
            </param>
            <param index="2">
              <value>
                <![CDATA[4]]>
              </value>
            </param>
          </params>
          <reporter-output>
          </reporter-output>
        </test-method> <!-- productImagesCountTest -->
        <test-method is-config="true" signature="attachScreenshot(org.testng.ITestResult)[pri:0, instance:com.qa.opencart.test.ProductInfoPageTest@6e1b9411]" started-at="2025-02-14T15:24:35 IST" name="attachScreenshot" finished-at="2025-02-14T15:24:35 IST" duration-ms="2" status="PASS">
          <params>
            <param index="0">
              <value>
                <![CDATA[[TestResult name=productImagesCountTest status=SUCCESS method=ProductInfoPageTest.productImagesCountTest(java.lang.String,java.lang.String,java.lang.String)[pri:0, instance:com.qa.opencart.test.ProductInfoPageTest@6e1b9411] output={null}]]]>
              </value>
            </param>
          </params>
          <reporter-output>
          </reporter-output>
        </test-method> <!-- attachScreenshot -->
        <test-method signature="productImagesCountTest(java.lang.String,java.lang.String,java.lang.String)[pri:0, instance:com.qa.opencart.test.ProductInfoPageTest@6e1b9411]" started-at="2025-02-14T15:24:35 IST" name="productImagesCountTest" data-provider="getProductImageSheetData" finished-at="2025-02-14T15:24:37 IST" duration-ms="1640" status="PASS">
          <params>
            <param index="0">
              <value>
                <![CDATA[imac]]>
              </value>
            </param>
            <param index="1">
              <value>
                <![CDATA[iMac]]>
              </value>
            </param>
            <param index="2">
              <value>
                <![CDATA[3]]>
              </value>
            </param>
          </params>
          <reporter-output>
          </reporter-output>
        </test-method> <!-- productImagesCountTest -->
        <test-method is-config="true" signature="attachScreenshot(org.testng.ITestResult)[pri:0, instance:com.qa.opencart.test.ProductInfoPageTest@6e1b9411]" started-at="2025-02-14T15:24:37 IST" name="attachScreenshot" finished-at="2025-02-14T15:24:37 IST" duration-ms="1" status="PASS">
          <params>
            <param index="0">
              <value>
                <![CDATA[[TestResult name=productImagesCountTest status=SUCCESS method=ProductInfoPageTest.productImagesCountTest(java.lang.String,java.lang.String,java.lang.String)[pri:0, instance:com.qa.opencart.test.ProductInfoPageTest@6e1b9411] output={null}]]]>
              </value>
            </param>
          </params>
          <reporter-output>
          </reporter-output>
        </test-method> <!-- attachScreenshot -->
        <test-method signature="productImagesCountTest(java.lang.String,java.lang.String,java.lang.String)[pri:0, instance:com.qa.opencart.test.ProductInfoPageTest@6e1b9411]" started-at="2025-02-14T15:24:37 IST" name="productImagesCountTest" data-provider="getProductImageSheetData" finished-at="2025-02-14T15:24:39 IST" duration-ms="2036" status="PASS">
          <params>
            <param index="0">
              <value>
                <![CDATA[samsung]]>
              </value>
            </param>
            <param index="1">
              <value>
                <![CDATA[Samsung SyncMaster 941BW]]>
              </value>
            </param>
            <param index="2">
              <value>
                <![CDATA[1]]>
              </value>
            </param>
          </params>
          <reporter-output>
          </reporter-output>
        </test-method> <!-- productImagesCountTest -->
        <test-method is-config="true" signature="attachScreenshot(org.testng.ITestResult)[pri:0, instance:com.qa.opencart.test.ProductInfoPageTest@6e1b9411]" started-at="2025-02-14T15:24:39 IST" name="attachScreenshot" finished-at="2025-02-14T15:24:39 IST" duration-ms="1" status="PASS">
          <params>
            <param index="0">
              <value>
                <![CDATA[[TestResult name=productImagesCountTest status=SUCCESS method=ProductInfoPageTest.productImagesCountTest(java.lang.String,java.lang.String,java.lang.String)[pri:0, instance:com.qa.opencart.test.ProductInfoPageTest@6e1b9411] output={null}]]]>
              </value>
            </param>
          </params>
          <reporter-output>
          </reporter-output>
        </test-method> <!-- attachScreenshot -->
        <test-method signature="productImagesCountTest(java.lang.String,java.lang.String,java.lang.String)[pri:0, instance:com.qa.opencart.test.ProductInfoPageTest@6e1b9411]" started-at="2025-02-14T15:24:39 IST" name="productImagesCountTest" data-provider="getProductImageSheetData" finished-at="2025-02-14T15:24:40 IST" duration-ms="1649" status="PASS">
          <params>
            <param index="0">
              <value>
                <![CDATA[samsung]]>
              </value>
            </param>
            <param index="1">
              <value>
                <![CDATA[Samsung Galaxy Tab 10.1]]>
              </value>
            </param>
            <param index="2">
              <value>
                <![CDATA[7]]>
              </value>
            </param>
          </params>
          <reporter-output>
          </reporter-output>
        </test-method> <!-- productImagesCountTest -->
        <test-method is-config="true" signature="attachScreenshot(org.testng.ITestResult)[pri:0, instance:com.qa.opencart.test.ProductInfoPageTest@6e1b9411]" started-at="2025-02-14T15:24:40 IST" name="attachScreenshot" finished-at="2025-02-14T15:24:40 IST" duration-ms="1" status="PASS">
          <params>
            <param index="0">
              <value>
                <![CDATA[[TestResult name=productImagesCountTest status=SUCCESS method=ProductInfoPageTest.productImagesCountTest(java.lang.String,java.lang.String,java.lang.String)[pri:0, instance:com.qa.opencart.test.ProductInfoPageTest@6e1b9411] output={null}]]]>
              </value>
            </param>
          </params>
          <reporter-output>
          </reporter-output>
        </test-method> <!-- attachScreenshot -->
        <test-method signature="productInfoTest()[pri:0, instance:com.qa.opencart.test.ProductInfoPageTest@6e1b9411]" started-at="2025-02-14T15:24:40 IST" name="productInfoTest" finished-at="2025-02-14T15:24:42 IST" duration-ms="1374" status="PASS">
          <reporter-output>
          </reporter-output>
        </test-method> <!-- productInfoTest -->
        <test-method is-config="true" signature="attachScreenshot(org.testng.ITestResult)[pri:0, instance:com.qa.opencart.test.ProductInfoPageTest@6e1b9411]" started-at="2025-02-14T15:24:42 IST" name="attachScreenshot" finished-at="2025-02-14T15:24:42 IST" duration-ms="1" status="PASS">
          <params>
            <param index="0">
              <value>
                <![CDATA[[TestResult name=productInfoTest status=SUCCESS method=ProductInfoPageTest.productInfoTest()[pri:0, instance:com.qa.opencart.test.ProductInfoPageTest@6e1b9411] output={null}]]]>
              </value>
            </param>
          </params>
          <reporter-output>
          </reporter-output>
        </test-method> <!-- attachScreenshot -->
        <test-method signature="productSearchHeaderTest(java.lang.String,java.lang.String)[pri:0, instance:com.qa.opencart.test.ProductInfoPageTest@6e1b9411]" started-at="2025-02-14T15:24:42 IST" name="productSearchHeaderTest" data-provider="getProductData" finished-at="2025-02-14T15:24:43 IST" duration-ms="1230" status="PASS">
          <params>
            <param index="0">
              <value>
                <![CDATA[macbook]]>
              </value>
            </param>
            <param index="1">
              <value>
                <![CDATA[MacBook Pro]]>
              </value>
            </param>
          </params>
          <reporter-output>
          </reporter-output>
        </test-method> <!-- productSearchHeaderTest -->
        <test-method is-config="true" signature="attachScreenshot(org.testng.ITestResult)[pri:0, instance:com.qa.opencart.test.ProductInfoPageTest@6e1b9411]" started-at="2025-02-14T15:24:43 IST" name="attachScreenshot" finished-at="2025-02-14T15:24:43 IST" duration-ms="0" status="PASS">
          <params>
            <param index="0">
              <value>
                <![CDATA[[TestResult name=productSearchHeaderTest status=SUCCESS method=ProductInfoPageTest.productSearchHeaderTest(java.lang.String,java.lang.String)[pri:0, instance:com.qa.opencart.test.ProductInfoPageTest@6e1b9411] output={null}]]]>
              </value>
            </param>
          </params>
          <reporter-output>
          </reporter-output>
        </test-method> <!-- attachScreenshot -->
        <test-method signature="productSearchHeaderTest(java.lang.String,java.lang.String)[pri:0, instance:com.qa.opencart.test.ProductInfoPageTest@6e1b9411]" started-at="2025-02-14T15:24:43 IST" name="productSearchHeaderTest" data-provider="getProductData" finished-at="2025-02-14T15:24:44 IST" duration-ms="993" status="PASS">
          <params>
            <param index="0">
              <value>
                <![CDATA[imac]]>
              </value>
            </param>
            <param index="1">
              <value>
                <![CDATA[iMac]]>
              </value>
            </param>
          </params>
          <reporter-output>
          </reporter-output>
        </test-method> <!-- productSearchHeaderTest -->
        <test-method is-config="true" signature="attachScreenshot(org.testng.ITestResult)[pri:0, instance:com.qa.opencart.test.ProductInfoPageTest@6e1b9411]" started-at="2025-02-14T15:24:44 IST" name="attachScreenshot" finished-at="2025-02-14T15:24:44 IST" duration-ms="1" status="PASS">
          <params>
            <param index="0">
              <value>
                <![CDATA[[TestResult name=productSearchHeaderTest status=SUCCESS method=ProductInfoPageTest.productSearchHeaderTest(java.lang.String,java.lang.String)[pri:0, instance:com.qa.opencart.test.ProductInfoPageTest@6e1b9411] output={null}]]]>
              </value>
            </param>
          </params>
          <reporter-output>
          </reporter-output>
        </test-method> <!-- attachScreenshot -->
        <test-method signature="productSearchHeaderTest(java.lang.String,java.lang.String)[pri:0, instance:com.qa.opencart.test.ProductInfoPageTest@6e1b9411]" started-at="2025-02-14T15:24:44 IST" name="productSearchHeaderTest" data-provider="getProductData" finished-at="2025-02-14T15:24:45 IST" duration-ms="1094" status="PASS">
          <params>
            <param index="0">
              <value>
                <![CDATA[samsung]]>
              </value>
            </param>
            <param index="1">
              <value>
                <![CDATA[Samsung SyncMaster 941BW]]>
              </value>
            </param>
          </params>
          <reporter-output>
          </reporter-output>
        </test-method> <!-- productSearchHeaderTest -->
        <test-method is-config="true" signature="attachScreenshot(org.testng.ITestResult)[pri:0, instance:com.qa.opencart.test.ProductInfoPageTest@6e1b9411]" started-at="2025-02-14T15:24:45 IST" name="attachScreenshot" finished-at="2025-02-14T15:24:45 IST" duration-ms="2" status="PASS">
          <params>
            <param index="0">
              <value>
                <![CDATA[[TestResult name=productSearchHeaderTest status=SUCCESS method=ProductInfoPageTest.productSearchHeaderTest(java.lang.String,java.lang.String)[pri:0, instance:com.qa.opencart.test.ProductInfoPageTest@6e1b9411] output={null}]]]>
              </value>
            </param>
          </params>
          <reporter-output>
          </reporter-output>
        </test-method> <!-- attachScreenshot -->
        <test-method is-config="true" signature="tearDown()[pri:0, instance:com.qa.opencart.test.ProductInfoPageTest@6e1b9411]" started-at="2025-02-14T15:24:45 IST" name="tearDown" description="closing the browser..." finished-at="2025-02-14T15:24:46 IST" duration-ms="361" status="PASS">
          <reporter-output>
          </reporter-output>
        </test-method> <!-- tearDown -->
      </class> <!-- com.qa.opencart.test.ProductInfoPageTest -->
    </test> <!-- Product Info Page Test -->
    <test started-at="2025-02-14T15:24:19 IST" name="Login Page Test" finished-at="2025-02-14T15:24:55 IST" duration-ms="35233">
      <class name="com.qa.opencart.test.LoginPageTest">
        <test-method is-config="true" signature="setup(java.lang.String)[pri:0, instance:com.qa.opencart.test.LoginPageTest@a33b4e3]" started-at="2025-02-14T15:24:19 IST" name="setup" description="setup: init the driver and properties" finished-at="2025-02-14T15:24:26 IST" duration-ms="6195" status="PASS">
          <params>
            <param index="0">
              <value>
                <![CDATA[chrome]]>
              </value>
            </param>
          </params>
          <reporter-output>
          </reporter-output>
        </test-method> <!-- setup -->
        <test-method signature="footerTest(java.lang.String)[pri:0, instance:com.qa.opencart.test.LoginPageTest@a33b4e3]" started-at="2025-02-14T15:24:26 IST" name="footerTest" data-provider="getFooterData" finished-at="2025-02-14T15:24:28 IST" duration-ms="1334" status="PASS">
          <params>
            <param index="0">
              <value>
                <![CDATA[About Us]]>
              </value>
            </param>
          </params>
          <reporter-output>
          </reporter-output>
        </test-method> <!-- footerTest -->
        <test-method is-config="true" signature="attachScreenshot(org.testng.ITestResult)[pri:0, instance:com.qa.opencart.test.LoginPageTest@a33b4e3]" started-at="2025-02-14T15:24:28 IST" name="attachScreenshot" finished-at="2025-02-14T15:24:28 IST" duration-ms="7" status="PASS">
          <params>
            <param index="0">
              <value>
                <![CDATA[[TestResult name=footerTest status=SUCCESS method=LoginPageTest.footerTest(java.lang.String)[pri:0, instance:com.qa.opencart.test.LoginPageTest@a33b4e3] output={null}]]]>
              </value>
            </param>
          </params>
          <reporter-output>
          </reporter-output>
        </test-method> <!-- attachScreenshot -->
        <test-method signature="footerTest(java.lang.String)[pri:0, instance:com.qa.opencart.test.LoginPageTest@a33b4e3]" started-at="2025-02-14T15:24:28 IST" name="footerTest" data-provider="getFooterData" finished-at="2025-02-14T15:24:29 IST" duration-ms="1104" status="PASS">
          <params>
            <param index="0">
              <value>
                <![CDATA[Contact Us]]>
              </value>
            </param>
          </params>
          <reporter-output>
          </reporter-output>
        </test-method> <!-- footerTest -->
        <test-method is-config="true" signature="attachScreenshot(org.testng.ITestResult)[pri:0, instance:com.qa.opencart.test.LoginPageTest@a33b4e3]" started-at="2025-02-14T15:24:29 IST" name="attachScreenshot" finished-at="2025-02-14T15:24:29 IST" duration-ms="4" status="PASS">
          <params>
            <param index="0">
              <value>
                <![CDATA[[TestResult name=footerTest status=SUCCESS method=LoginPageTest.footerTest(java.lang.String)[pri:0, instance:com.qa.opencart.test.LoginPageTest@a33b4e3] output={null}]]]>
              </value>
            </param>
          </params>
          <reporter-output>
          </reporter-output>
        </test-method> <!-- attachScreenshot -->
        <test-method signature="footerTest(java.lang.String)[pri:0, instance:com.qa.opencart.test.LoginPageTest@a33b4e3]" started-at="2025-02-14T15:24:29 IST" name="footerTest" data-provider="getFooterData" finished-at="2025-02-14T15:24:30 IST" duration-ms="456" status="PASS">
          <params>
            <param index="0">
              <value>
                <![CDATA[Specials]]>
              </value>
            </param>
          </params>
          <reporter-output>
          </reporter-output>
        </test-method> <!-- footerTest -->
        <test-method is-config="true" signature="attachScreenshot(org.testng.ITestResult)[pri:0, instance:com.qa.opencart.test.LoginPageTest@a33b4e3]" started-at="2025-02-14T15:24:30 IST" name="attachScreenshot" finished-at="2025-02-14T15:24:30 IST" duration-ms="1" status="PASS">
          <params>
            <param index="0">
              <value>
                <![CDATA[[TestResult name=footerTest status=SUCCESS method=LoginPageTest.footerTest(java.lang.String)[pri:0, instance:com.qa.opencart.test.LoginPageTest@a33b4e3] output={null}]]]>
              </value>
            </param>
          </params>
          <reporter-output>
          </reporter-output>
        </test-method> <!-- attachScreenshot -->
        <test-method signature="footerTest(java.lang.String)[pri:0, instance:com.qa.opencart.test.LoginPageTest@a33b4e3]" started-at="2025-02-14T15:24:30 IST" name="footerTest" data-provider="getFooterData" finished-at="2025-02-14T15:24:30 IST" duration-ms="334" status="PASS">
          <params>
            <param index="0">
              <value>
                <![CDATA[Order History]]>
              </value>
            </param>
          </params>
          <reporter-output>
          </reporter-output>
        </test-method> <!-- footerTest -->
        <test-method is-config="true" signature="attachScreenshot(org.testng.ITestResult)[pri:0, instance:com.qa.opencart.test.LoginPageTest@a33b4e3]" started-at="2025-02-14T15:24:30 IST" name="attachScreenshot" finished-at="2025-02-14T15:24:30 IST" duration-ms="2" status="PASS">
          <params>
            <param index="0">
              <value>
                <![CDATA[[TestResult name=footerTest status=SUCCESS method=LoginPageTest.footerTest(java.lang.String)[pri:0, instance:com.qa.opencart.test.LoginPageTest@a33b4e3] output={null}]]]>
              </value>
            </param>
          </params>
          <reporter-output>
          </reporter-output>
        </test-method> <!-- attachScreenshot -->
        <test-method signature="forgotPwdLinkExistTest()[pri:0, instance:com.qa.opencart.test.LoginPageTest@a33b4e3]" started-at="2025-02-14T15:24:30 IST" name="forgotPwdLinkExistTest" finished-at="2025-02-14T15:24:30 IST" duration-ms="64" status="PASS">
          <reporter-output>
          </reporter-output>
        </test-method> <!-- forgotPwdLinkExistTest -->
        <test-method is-config="true" signature="attachScreenshot(org.testng.ITestResult)[pri:0, instance:com.qa.opencart.test.LoginPageTest@a33b4e3]" started-at="2025-02-14T15:24:30 IST" name="attachScreenshot" finished-at="2025-02-14T15:24:30 IST" duration-ms="2" status="PASS">
          <params>
            <param index="0">
              <value>
                <![CDATA[[TestResult name=forgotPwdLinkExistTest status=SUCCESS method=LoginPageTest.forgotPwdLinkExistTest()[pri:0, instance:com.qa.opencart.test.LoginPageTest@a33b4e3] output={null}]]]>
              </value>
            </param>
          </params>
          <reporter-output>
          </reporter-output>
        </test-method> <!-- attachScreenshot -->
        <test-method retried="true" signature="loginPageTitleTest()[pri:0, instance:com.qa.opencart.test.LoginPageTest@a33b4e3]" started-at="2025-02-14T15:24:30 IST" name="loginPageTitleTest" finished-at="2025-02-14T15:24:36 IST" duration-ms="5357" status="SKIP">
          <exception class="java.lang.AssertionError">
            <message>
              <![CDATA[==Title is not matched== expected [Account Logins] but found [null]]]>
            </message>
            <full-stacktrace>
              <![CDATA[java.lang.AssertionError: ==Title is not matched== expected [Account Logins] but found [null]
at org.testng.Assert.fail(Assert.java:111)
at org.testng.Assert.failNotEquals(Assert.java:1578)
at org.testng.Assert.assertEqualsImpl(Assert.java:150)
at org.testng.Assert.assertEquals(Assert.java:132)
at org.testng.Assert.assertEquals(Assert.java:656)
at com.qa.opencart.test.LoginPageTest.loginPageTitleTest(LoginPageTest.java:32)
at java.base/jdk.internal.reflect.DirectMethodHandleAccessor.invoke(DirectMethodHandleAccessor.java:103)
at java.base/java.lang.reflect.Method.invoke(Method.java:580)
at org.testng.internal.invokers.MethodInvocationHelper.invokeMethod(MethodInvocationHelper.java:141)
at org.testng.internal.invokers.TestInvoker.invokeMethod(TestInvoker.java:686)
at org.testng.internal.invokers.TestInvoker.invokeTestMethod(TestInvoker.java:230)
at org.testng.internal.invokers.MethodRunner.runInSequence(MethodRunner.java:63)
at org.testng.internal.invokers.TestInvoker$MethodInvocationAgent.invoke(TestInvoker.java:992)
at org.testng.internal.invokers.TestInvoker.invokeTestMethods(TestInvoker.java:203)
at org.testng.internal.invokers.TestMethodWorker.invokeTestMethods(TestMethodWorker.java:154)
at org.testng.internal.invokers.TestMethodWorker.run(TestMethodWorker.java:134)
at java.base/java.util.ArrayList.forEach(ArrayList.java:1597)
at org.testng.TestRunner.privateRun(TestRunner.java:739)
at org.testng.TestRunner.run(TestRunner.java:614)
at org.testng.SuiteRunner.runTest(SuiteRunner.java:421)
at org.testng.SuiteRunner$SuiteWorker.run(SuiteRunner.java:463)
at org.testng.internal.thread.ThreadUtil.lambda$execute$0(ThreadUtil.java:64)
at java.base/java.util.concurrent.FutureTask.run(FutureTask.java:317)
at java.base/java.util.concurrent.ThreadPoolExecutor.runWorker(ThreadPoolExecutor.java:1144)
at java.base/java.util.concurrent.ThreadPoolExecutor$Worker.run(ThreadPoolExecutor.java:642)
at java.base/java.lang.Thread.run(Thread.java:1575)
]]>
            </full-stacktrace>
          </exception> <!-- java.lang.AssertionError -->
          <reporter-output>
          </reporter-output>
        </test-method> <!-- loginPageTitleTest -->
        <test-method is-config="true" signature="attachScreenshot(org.testng.ITestResult)[pri:0, instance:com.qa.opencart.test.LoginPageTest@a33b4e3]" started-at="2025-02-14T15:24:36 IST" name="attachScreenshot" finished-at="2025-02-14T15:24:36 IST" duration-ms="230" status="PASS">
          <params>
            <param index="0">
              <value>
                <![CDATA[[TestResult name=loginPageTitleTest status=SKIP method=LoginPageTest.loginPageTitleTest()[pri:0, instance:com.qa.opencart.test.LoginPageTest@a33b4e3] output={null}]]]>
              </value>
            </param>
          </params>
          <reporter-output>
          </reporter-output>
        </test-method> <!-- attachScreenshot -->
        <test-method retried="true" signature="loginPageTitleTest()[pri:0, instance:com.qa.opencart.test.LoginPageTest@a33b4e3]" started-at="2025-02-14T15:24:36 IST" name="loginPageTitleTest" finished-at="2025-02-14T15:24:41 IST" duration-ms="5329" status="SKIP">
          <exception class="java.lang.AssertionError">
            <message>
              <![CDATA[==Title is not matched== expected [Account Logins] but found [null]]]>
            </message>
            <full-stacktrace>
              <![CDATA[java.lang.AssertionError: ==Title is not matched== expected [Account Logins] but found [null]
at org.testng.Assert.fail(Assert.java:111)
at org.testng.Assert.failNotEquals(Assert.java:1578)
at org.testng.Assert.assertEqualsImpl(Assert.java:150)
at org.testng.Assert.assertEquals(Assert.java:132)
at org.testng.Assert.assertEquals(Assert.java:656)
at com.qa.opencart.test.LoginPageTest.loginPageTitleTest(LoginPageTest.java:32)
at java.base/jdk.internal.reflect.DirectMethodHandleAccessor.invoke(DirectMethodHandleAccessor.java:103)
at java.base/java.lang.reflect.Method.invoke(Method.java:580)
at org.testng.internal.invokers.MethodInvocationHelper.invokeMethod(MethodInvocationHelper.java:141)
at org.testng.internal.invokers.TestInvoker.invokeMethod(TestInvoker.java:686)
at org.testng.internal.invokers.TestInvoker.retryFailed(TestInvoker.java:269)
at org.testng.internal.invokers.MethodRunner.runInSequence(MethodRunner.java:76)
at org.testng.internal.invokers.TestInvoker$MethodInvocationAgent.invoke(TestInvoker.java:992)
at org.testng.internal.invokers.TestInvoker.invokeTestMethods(TestInvoker.java:203)
at org.testng.internal.invokers.TestMethodWorker.invokeTestMethods(TestMethodWorker.java:154)
at org.testng.internal.invokers.TestMethodWorker.run(TestMethodWorker.java:134)
at java.base/java.util.ArrayList.forEach(ArrayList.java:1597)
at org.testng.TestRunner.privateRun(TestRunner.java:739)
at org.testng.TestRunner.run(TestRunner.java:614)
at org.testng.SuiteRunner.runTest(SuiteRunner.java:421)
at org.testng.SuiteRunner$SuiteWorker.run(SuiteRunner.java:463)
at org.testng.internal.thread.ThreadUtil.lambda$execute$0(ThreadUtil.java:64)
at java.base/java.util.concurrent.FutureTask.run(FutureTask.java:317)
at java.base/java.util.concurrent.ThreadPoolExecutor.runWorker(ThreadPoolExecutor.java:1144)
at java.base/java.util.concurrent.ThreadPoolExecutor$Worker.run(ThreadPoolExecutor.java:642)
at java.base/java.lang.Thread.run(Thread.java:1575)
]]>
            </full-stacktrace>
          </exception> <!-- java.lang.AssertionError -->
          <reporter-output>
          </reporter-output>
        </test-method> <!-- loginPageTitleTest -->
        <test-method is-config="true" signature="attachScreenshot(org.testng.ITestResult)[pri:0, instance:com.qa.opencart.test.LoginPageTest@a33b4e3]" started-at="2025-02-14T15:24:41 IST" name="attachScreenshot" finished-at="2025-02-14T15:24:41 IST" duration-ms="198" status="PASS">
          <params>
            <param index="0">
              <value>
                <![CDATA[[TestResult name=loginPageTitleTest status=SKIP method=LoginPageTest.loginPageTitleTest()[pri:0, instance:com.qa.opencart.test.LoginPageTest@a33b4e3] output={null}]]]>
              </value>
            </param>
          </params>
          <reporter-output>
          </reporter-output>
        </test-method> <!-- attachScreenshot -->
        <test-method retried="true" signature="loginPageTitleTest()[pri:0, instance:com.qa.opencart.test.LoginPageTest@a33b4e3]" started-at="2025-02-14T15:24:41 IST" name="loginPageTitleTest" finished-at="2025-02-14T15:24:47 IST" duration-ms="5261" status="SKIP">
          <exception class="java.lang.AssertionError">
            <message>
              <![CDATA[==Title is not matched== expected [Account Logins] but found [null]]]>
            </message>
            <full-stacktrace>
              <![CDATA[java.lang.AssertionError: ==Title is not matched== expected [Account Logins] but found [null]
at org.testng.Assert.fail(Assert.java:111)
at org.testng.Assert.failNotEquals(Assert.java:1578)
at org.testng.Assert.assertEqualsImpl(Assert.java:150)
at org.testng.Assert.assertEquals(Assert.java:132)
at org.testng.Assert.assertEquals(Assert.java:656)
at com.qa.opencart.test.LoginPageTest.loginPageTitleTest(LoginPageTest.java:32)
at java.base/jdk.internal.reflect.DirectMethodHandleAccessor.invoke(DirectMethodHandleAccessor.java:103)
at java.base/java.lang.reflect.Method.invoke(Method.java:580)
at org.testng.internal.invokers.MethodInvocationHelper.invokeMethod(MethodInvocationHelper.java:141)
at org.testng.internal.invokers.TestInvoker.invokeMethod(TestInvoker.java:686)
at org.testng.internal.invokers.TestInvoker.retryFailed(TestInvoker.java:269)
at org.testng.internal.invokers.MethodRunner.runInSequence(MethodRunner.java:76)
at org.testng.internal.invokers.TestInvoker$MethodInvocationAgent.invoke(TestInvoker.java:992)
at org.testng.internal.invokers.TestInvoker.invokeTestMethods(TestInvoker.java:203)
at org.testng.internal.invokers.TestMethodWorker.invokeTestMethods(TestMethodWorker.java:154)
at org.testng.internal.invokers.TestMethodWorker.run(TestMethodWorker.java:134)
at java.base/java.util.ArrayList.forEach(ArrayList.java:1597)
at org.testng.TestRunner.privateRun(TestRunner.java:739)
at org.testng.TestRunner.run(TestRunner.java:614)
at org.testng.SuiteRunner.runTest(SuiteRunner.java:421)
at org.testng.SuiteRunner$SuiteWorker.run(SuiteRunner.java:463)
at org.testng.internal.thread.ThreadUtil.lambda$execute$0(ThreadUtil.java:64)
at java.base/java.util.concurrent.FutureTask.run(FutureTask.java:317)
at java.base/java.util.concurrent.ThreadPoolExecutor.runWorker(ThreadPoolExecutor.java:1144)
at java.base/java.util.concurrent.ThreadPoolExecutor$Worker.run(ThreadPoolExecutor.java:642)
at java.base/java.lang.Thread.run(Thread.java:1575)
]]>
            </full-stacktrace>
          </exception> <!-- java.lang.AssertionError -->
          <reporter-output>
          </reporter-output>
        </test-method> <!-- loginPageTitleTest -->
        <test-method is-config="true" signature="attachScreenshot(org.testng.ITestResult)[pri:0, instance:com.qa.opencart.test.LoginPageTest@a33b4e3]" started-at="2025-02-14T15:24:47 IST" name="attachScreenshot" finished-at="2025-02-14T15:24:47 IST" duration-ms="165" status="PASS">
          <params>
            <param index="0">
              <value>
                <![CDATA[[TestResult name=loginPageTitleTest status=SKIP method=LoginPageTest.loginPageTitleTest()[pri:0, instance:com.qa.opencart.test.LoginPageTest@a33b4e3] output={null}]]]>
              </value>
            </param>
          </params>
          <reporter-output>
          </reporter-output>
        </test-method> <!-- attachScreenshot -->
        <test-method signature="loginPageTitleTest()[pri:0, instance:com.qa.opencart.test.LoginPageTest@a33b4e3]" started-at="2025-02-14T15:24:47 IST" name="loginPageTitleTest" finished-at="2025-02-14T15:24:52 IST" duration-ms="5190" status="FAIL">
          <exception class="java.lang.AssertionError">
            <message>
              <![CDATA[==Title is not matched== expected [Account Logins] but found [null]]]>
            </message>
            <full-stacktrace>
              <![CDATA[java.lang.AssertionError: ==Title is not matched== expected [Account Logins] but found [null]
at org.testng.Assert.fail(Assert.java:111)
at org.testng.Assert.failNotEquals(Assert.java:1578)
at org.testng.Assert.assertEqualsImpl(Assert.java:150)
at org.testng.Assert.assertEquals(Assert.java:132)
at org.testng.Assert.assertEquals(Assert.java:656)
at com.qa.opencart.test.LoginPageTest.loginPageTitleTest(LoginPageTest.java:32)
at java.base/jdk.internal.reflect.DirectMethodHandleAccessor.invoke(DirectMethodHandleAccessor.java:103)
at java.base/java.lang.reflect.Method.invoke(Method.java:580)
at org.testng.internal.invokers.MethodInvocationHelper.invokeMethod(MethodInvocationHelper.java:141)
at org.testng.internal.invokers.TestInvoker.invokeMethod(TestInvoker.java:686)
at org.testng.internal.invokers.TestInvoker.retryFailed(TestInvoker.java:269)
at org.testng.internal.invokers.MethodRunner.runInSequence(MethodRunner.java:76)
at org.testng.internal.invokers.TestInvoker$MethodInvocationAgent.invoke(TestInvoker.java:992)
at org.testng.internal.invokers.TestInvoker.invokeTestMethods(TestInvoker.java:203)
at org.testng.internal.invokers.TestMethodWorker.invokeTestMethods(TestMethodWorker.java:154)
at org.testng.internal.invokers.TestMethodWorker.run(TestMethodWorker.java:134)
at java.base/java.util.ArrayList.forEach(ArrayList.java:1597)
at org.testng.TestRunner.privateRun(TestRunner.java:739)
at org.testng.TestRunner.run(TestRunner.java:614)
at org.testng.SuiteRunner.runTest(SuiteRunner.java:421)
at org.testng.SuiteRunner$SuiteWorker.run(SuiteRunner.java:463)
at org.testng.internal.thread.ThreadUtil.lambda$execute$0(ThreadUtil.java:64)
at java.base/java.util.concurrent.FutureTask.run(FutureTask.java:317)
at java.base/java.util.concurrent.ThreadPoolExecutor.runWorker(ThreadPoolExecutor.java:1144)
at java.base/java.util.concurrent.ThreadPoolExecutor$Worker.run(ThreadPoolExecutor.java:642)
at java.base/java.lang.Thread.run(Thread.java:1575)
]]>
            </full-stacktrace>
          </exception> <!-- java.lang.AssertionError -->
          <reporter-output>
          </reporter-output>
        </test-method> <!-- loginPageTitleTest -->
        <test-method is-config="true" signature="attachScreenshot(org.testng.ITestResult)[pri:0, instance:com.qa.opencart.test.LoginPageTest@a33b4e3]" started-at="2025-02-14T15:24:52 IST" name="attachScreenshot" finished-at="2025-02-14T15:24:52 IST" duration-ms="140" status="PASS">
          <params>
            <param index="0">
              <value>
                <![CDATA[[TestResult name=loginPageTitleTest status=FAILURE method=LoginPageTest.loginPageTitleTest()[pri:0, instance:com.qa.opencart.test.LoginPageTest@a33b4e3] output={null}]]]>
              </value>
            </param>
          </params>
          <reporter-output>
          </reporter-output>
        </test-method> <!-- attachScreenshot -->
        <test-method signature="loginPageURLTest()[pri:0, instance:com.qa.opencart.test.LoginPageTest@a33b4e3]" started-at="2025-02-14T15:24:52 IST" name="loginPageURLTest" finished-at="2025-02-14T15:24:52 IST" duration-ms="46" status="PASS">
          <reporter-output>
          </reporter-output>
        </test-method> <!-- loginPageURLTest -->
        <test-method is-config="true" signature="attachScreenshot(org.testng.ITestResult)[pri:0, instance:com.qa.opencart.test.LoginPageTest@a33b4e3]" started-at="2025-02-14T15:24:52 IST" name="attachScreenshot" finished-at="2025-02-14T15:24:52 IST" duration-ms="2" status="PASS">
          <params>
            <param index="0">
              <value>
                <![CDATA[[TestResult name=loginPageURLTest status=SUCCESS method=LoginPageTest.loginPageURLTest()[pri:0, instance:com.qa.opencart.test.LoginPageTest@a33b4e3] output={null}]]]>
              </value>
            </param>
          </params>
          <reporter-output>
          </reporter-output>
        </test-method> <!-- attachScreenshot -->
        <test-method signature="logoTest()[pri:0, instance:com.qa.opencart.test.LoginPageTest@a33b4e3]" started-at="2025-02-14T15:24:53 IST" name="logoTest" finished-at="2025-02-14T15:24:53 IST" duration-ms="65" status="PASS">
          <reporter-output>
          </reporter-output>
        </test-method> <!-- logoTest -->
        <test-method is-config="true" signature="attachScreenshot(org.testng.ITestResult)[pri:0, instance:com.qa.opencart.test.LoginPageTest@a33b4e3]" started-at="2025-02-14T15:24:53 IST" name="attachScreenshot" finished-at="2025-02-14T15:24:53 IST" duration-ms="1" status="PASS">
          <params>
            <param index="0">
              <value>
                <![CDATA[[TestResult name=logoTest status=SUCCESS method=LoginPageTest.logoTest()[pri:0, instance:com.qa.opencart.test.LoginPageTest@a33b4e3] output={null}]]]>
              </value>
            </param>
          </params>
          <reporter-output>
          </reporter-output>
        </test-method> <!-- attachScreenshot -->
        <test-method signature="loginTest()[pri:2147483647, instance:com.qa.opencart.test.LoginPageTest@a33b4e3]" started-at="2025-02-14T15:24:53 IST" name="loginTest" finished-at="2025-02-14T15:24:54 IST" duration-ms="1606" status="PASS">
          <reporter-output>
          </reporter-output>
        </test-method> <!-- loginTest -->
        <test-method is-config="true" signature="attachScreenshot(org.testng.ITestResult)[pri:0, instance:com.qa.opencart.test.LoginPageTest@a33b4e3]" started-at="2025-02-14T15:24:54 IST" name="attachScreenshot" finished-at="2025-02-14T15:24:54 IST" duration-ms="2" status="PASS">
          <params>
            <param index="0">
              <value>
                <![CDATA[[TestResult name=loginTest status=SUCCESS method=LoginPageTest.loginTest()[pri:2147483647, instance:com.qa.opencart.test.LoginPageTest@a33b4e3] output={null}]]]>
              </value>
            </param>
          </params>
          <reporter-output>
          </reporter-output>
        </test-method> <!-- attachScreenshot -->
        <test-method is-config="true" signature="tearDown()[pri:0, instance:com.qa.opencart.test.LoginPageTest@a33b4e3]" started-at="2025-02-14T15:24:54 IST" name="tearDown" description="closing the browser..." finished-at="2025-02-14T15:24:55 IST" duration-ms="423" status="PASS">
          <reporter-output>
          </reporter-output>
        </test-method> <!-- tearDown -->
      </class> <!-- com.qa.opencart.test.LoginPageTest -->
    </test> <!-- Login Page Test -->
    <test started-at="2025-02-14T15:24:19 IST" name="Home Page Test" finished-at="2025-02-14T15:25:07 IST" duration-ms="47867">
      <class name="com.qa.opencart.test.HomePageTest">
        <test-method is-config="true" signature="setup(java.lang.String)[pri:0, instance:com.qa.opencart.test.HomePageTest@6b2e0f78]" started-at="2025-02-14T15:24:19 IST" name="setup" description="setup: init the driver and properties" finished-at="2025-02-14T15:24:26 IST" duration-ms="6195" status="PASS">
          <params>
            <param index="0">
              <value>
                <![CDATA[chrome]]>
              </value>
            </param>
          </params>
          <reporter-output>
          </reporter-output>
        </test-method> <!-- setup -->
        <test-method is-config="true" signature="homePageSetup()[pri:0, instance:com.qa.opencart.test.HomePageTest@6b2e0f78]" started-at="2025-02-14T15:24:26 IST" name="homePageSetup" finished-at="2025-02-14T15:24:29 IST" duration-ms="3056" status="PASS">
          <reporter-output>
          </reporter-output>
        </test-method> <!-- homePageSetup -->
        <test-method signature="headersTest()[pri:0, instance:com.qa.opencart.test.HomePageTest@6b2e0f78]" started-at="2025-02-14T15:24:29 IST" name="headersTest" finished-at="2025-02-14T15:24:29 IST" duration-ms="251" status="PASS">
          <reporter-output>
          </reporter-output>
        </test-method> <!-- headersTest -->
        <test-method is-config="true" signature="attachScreenshot(org.testng.ITestResult)[pri:0, instance:com.qa.opencart.test.HomePageTest@6b2e0f78]" started-at="2025-02-14T15:24:29 IST" name="attachScreenshot" finished-at="2025-02-14T15:24:29 IST" duration-ms="1" status="PASS">
          <params>
            <param index="0">
              <value>
                <![CDATA[[TestResult name=headersTest status=SUCCESS method=HomePageTest.headersTest()[pri:0, instance:com.qa.opencart.test.HomePageTest@6b2e0f78] output={null}]]]>
              </value>
            </param>
          </params>
          <reporter-output>
          </reporter-output>
        </test-method> <!-- attachScreenshot -->
        <test-method signature="homePageTitleTest()[pri:0, instance:com.qa.opencart.test.HomePageTest@6b2e0f78]" started-at="2025-02-14T15:24:29 IST" name="homePageTitleTest" finished-at="2025-02-14T15:24:29 IST" duration-ms="62" status="PASS">
          <reporter-output>
          </reporter-output>
        </test-method> <!-- homePageTitleTest -->
        <test-method is-config="true" signature="attachScreenshot(org.testng.ITestResult)[pri:0, instance:com.qa.opencart.test.HomePageTest@6b2e0f78]" started-at="2025-02-14T15:24:29 IST" name="attachScreenshot" finished-at="2025-02-14T15:24:29 IST" duration-ms="1" status="PASS">
          <params>
            <param index="0">
              <value>
                <![CDATA[[TestResult name=homePageTitleTest status=SUCCESS method=HomePageTest.homePageTitleTest()[pri:0, instance:com.qa.opencart.test.HomePageTest@6b2e0f78] output={null}]]]>
              </value>
            </param>
          </params>
          <reporter-output>
          </reporter-output>
        </test-method> <!-- attachScreenshot -->
        <test-method retried="true" signature="homePageURLTest()[pri:0, instance:com.qa.opencart.test.HomePageTest@6b2e0f78]" started-at="2025-02-14T15:24:29 IST" name="homePageURLTest" finished-at="2025-02-14T15:24:35 IST" duration-ms="5343" status="SKIP">
          <exception class="java.lang.NullPointerException">
            <message>
              <![CDATA[Cannot invoke "String.contains(java.lang.CharSequence)" because the return value of "com.qa.opecart.pages.HomePage.getHomePageURL()" is null]]>
            </message>
            <full-stacktrace>
              <![CDATA[java.lang.NullPointerException: Cannot invoke "String.contains(java.lang.CharSequence)" because the return value of "com.qa.opecart.pages.HomePage.getHomePageURL()" is null
at com.qa.opencart.test.HomePageTest.homePageURLTest(HomePageTest.java:32)
at java.base/jdk.internal.reflect.DirectMethodHandleAccessor.invoke(DirectMethodHandleAccessor.java:103)
at java.base/java.lang.reflect.Method.invoke(Method.java:580)
at org.testng.internal.invokers.MethodInvocationHelper.invokeMethod(MethodInvocationHelper.java:141)
at org.testng.internal.invokers.TestInvoker.invokeMethod(TestInvoker.java:686)
at org.testng.internal.invokers.TestInvoker.invokeTestMethod(TestInvoker.java:230)
at org.testng.internal.invokers.MethodRunner.runInSequence(MethodRunner.java:63)
at org.testng.internal.invokers.TestInvoker$MethodInvocationAgent.invoke(TestInvoker.java:992)
at org.testng.internal.invokers.TestInvoker.invokeTestMethods(TestInvoker.java:203)
at org.testng.internal.invokers.TestMethodWorker.invokeTestMethods(TestMethodWorker.java:154)
at org.testng.internal.invokers.TestMethodWorker.run(TestMethodWorker.java:134)
at java.base/java.util.ArrayList.forEach(ArrayList.java:1597)
at org.testng.TestRunner.privateRun(TestRunner.java:739)
at org.testng.TestRunner.run(TestRunner.java:614)
at org.testng.SuiteRunner.runTest(SuiteRunner.java:421)
at org.testng.SuiteRunner$SuiteWorker.run(SuiteRunner.java:463)
at org.testng.internal.thread.ThreadUtil.lambda$execute$0(ThreadUtil.java:64)
at java.base/java.util.concurrent.FutureTask.run(FutureTask.java:317)
at java.base/java.util.concurrent.ThreadPoolExecutor.runWorker(ThreadPoolExecutor.java:1144)
at java.base/java.util.concurrent.ThreadPoolExecutor$Worker.run(ThreadPoolExecutor.java:642)
at java.base/java.lang.Thread.run(Thread.java:1575)
]]>
            </full-stacktrace>
          </exception> <!-- java.lang.NullPointerException -->
          <reporter-output>
          </reporter-output>
        </test-method> <!-- homePageURLTest -->
        <test-method is-config="true" signature="attachScreenshot(org.testng.ITestResult)[pri:0, instance:com.qa.opencart.test.HomePageTest@6b2e0f78]" started-at="2025-02-14T15:24:35 IST" name="attachScreenshot" finished-at="2025-02-14T15:24:35 IST" duration-ms="312" status="PASS">
          <params>
            <param index="0">
              <value>
                <![CDATA[[TestResult name=homePageURLTest status=SKIP method=HomePageTest.homePageURLTest()[pri:0, instance:com.qa.opencart.test.HomePageTest@6b2e0f78] output={null}]]]>
              </value>
            </param>
          </params>
          <reporter-output>
          </reporter-output>
        </test-method> <!-- attachScreenshot -->
        <test-method retried="true" signature="homePageURLTest()[pri:0, instance:com.qa.opencart.test.HomePageTest@6b2e0f78]" started-at="2025-02-14T15:24:35 IST" name="homePageURLTest" finished-at="2025-02-14T15:24:40 IST" duration-ms="5368" status="SKIP">
          <exception class="java.lang.NullPointerException">
            <message>
              <![CDATA[Cannot invoke "String.contains(java.lang.CharSequence)" because the return value of "com.qa.opecart.pages.HomePage.getHomePageURL()" is null]]>
            </message>
            <full-stacktrace>
              <![CDATA[java.lang.NullPointerException: Cannot invoke "String.contains(java.lang.CharSequence)" because the return value of "com.qa.opecart.pages.HomePage.getHomePageURL()" is null
at com.qa.opencart.test.HomePageTest.homePageURLTest(HomePageTest.java:32)
at java.base/jdk.internal.reflect.DirectMethodHandleAccessor.invoke(DirectMethodHandleAccessor.java:103)
at java.base/java.lang.reflect.Method.invoke(Method.java:580)
at org.testng.internal.invokers.MethodInvocationHelper.invokeMethod(MethodInvocationHelper.java:141)
at org.testng.internal.invokers.TestInvoker.invokeMethod(TestInvoker.java:686)
at org.testng.internal.invokers.TestInvoker.retryFailed(TestInvoker.java:269)
at org.testng.internal.invokers.MethodRunner.runInSequence(MethodRunner.java:76)
at org.testng.internal.invokers.TestInvoker$MethodInvocationAgent.invoke(TestInvoker.java:992)
at org.testng.internal.invokers.TestInvoker.invokeTestMethods(TestInvoker.java:203)
at org.testng.internal.invokers.TestMethodWorker.invokeTestMethods(TestMethodWorker.java:154)
at org.testng.internal.invokers.TestMethodWorker.run(TestMethodWorker.java:134)
at java.base/java.util.ArrayList.forEach(ArrayList.java:1597)
at org.testng.TestRunner.privateRun(TestRunner.java:739)
at org.testng.TestRunner.run(TestRunner.java:614)
at org.testng.SuiteRunner.runTest(SuiteRunner.java:421)
at org.testng.SuiteRunner$SuiteWorker.run(SuiteRunner.java:463)
at org.testng.internal.thread.ThreadUtil.lambda$execute$0(ThreadUtil.java:64)
at java.base/java.util.concurrent.FutureTask.run(FutureTask.java:317)
at java.base/java.util.concurrent.ThreadPoolExecutor.runWorker(ThreadPoolExecutor.java:1144)
at java.base/java.util.concurrent.ThreadPoolExecutor$Worker.run(ThreadPoolExecutor.java:642)
at java.base/java.lang.Thread.run(Thread.java:1575)
]]>
            </full-stacktrace>
          </exception> <!-- java.lang.NullPointerException -->
          <reporter-output>
          </reporter-output>
        </test-method> <!-- homePageURLTest -->
        <test-method is-config="true" signature="attachScreenshot(org.testng.ITestResult)[pri:0, instance:com.qa.opencart.test.HomePageTest@6b2e0f78]" started-at="2025-02-14T15:24:40 IST" name="attachScreenshot" finished-at="2025-02-14T15:24:41 IST" duration-ms="211" status="PASS">
          <params>
            <param index="0">
              <value>
                <![CDATA[[TestResult name=homePageURLTest status=SKIP method=HomePageTest.homePageURLTest()[pri:0, instance:com.qa.opencart.test.HomePageTest@6b2e0f78] output={null}]]]>
              </value>
            </param>
          </params>
          <reporter-output>
          </reporter-output>
        </test-method> <!-- attachScreenshot -->
        <test-method retried="true" signature="homePageURLTest()[pri:0, instance:com.qa.opencart.test.HomePageTest@6b2e0f78]" started-at="2025-02-14T15:24:41 IST" name="homePageURLTest" finished-at="2025-02-14T15:24:46 IST" duration-ms="5250" status="SKIP">
          <exception class="java.lang.NullPointerException">
            <message>
              <![CDATA[Cannot invoke "String.contains(java.lang.CharSequence)" because the return value of "com.qa.opecart.pages.HomePage.getHomePageURL()" is null]]>
            </message>
            <full-stacktrace>
              <![CDATA[java.lang.NullPointerException: Cannot invoke "String.contains(java.lang.CharSequence)" because the return value of "com.qa.opecart.pages.HomePage.getHomePageURL()" is null
at com.qa.opencart.test.HomePageTest.homePageURLTest(HomePageTest.java:32)
at java.base/jdk.internal.reflect.DirectMethodHandleAccessor.invoke(DirectMethodHandleAccessor.java:103)
at java.base/java.lang.reflect.Method.invoke(Method.java:580)
at org.testng.internal.invokers.MethodInvocationHelper.invokeMethod(MethodInvocationHelper.java:141)
at org.testng.internal.invokers.TestInvoker.invokeMethod(TestInvoker.java:686)
at org.testng.internal.invokers.TestInvoker.retryFailed(TestInvoker.java:269)
at org.testng.internal.invokers.MethodRunner.runInSequence(MethodRunner.java:76)
at org.testng.internal.invokers.TestInvoker$MethodInvocationAgent.invoke(TestInvoker.java:992)
at org.testng.internal.invokers.TestInvoker.invokeTestMethods(TestInvoker.java:203)
at org.testng.internal.invokers.TestMethodWorker.invokeTestMethods(TestMethodWorker.java:154)
at org.testng.internal.invokers.TestMethodWorker.run(TestMethodWorker.java:134)
at java.base/java.util.ArrayList.forEach(ArrayList.java:1597)
at org.testng.TestRunner.privateRun(TestRunner.java:739)
at org.testng.TestRunner.run(TestRunner.java:614)
at org.testng.SuiteRunner.runTest(SuiteRunner.java:421)
at org.testng.SuiteRunner$SuiteWorker.run(SuiteRunner.java:463)
at org.testng.internal.thread.ThreadUtil.lambda$execute$0(ThreadUtil.java:64)
at java.base/java.util.concurrent.FutureTask.run(FutureTask.java:317)
at java.base/java.util.concurrent.ThreadPoolExecutor.runWorker(ThreadPoolExecutor.java:1144)
at java.base/java.util.concurrent.ThreadPoolExecutor$Worker.run(ThreadPoolExecutor.java:642)
at java.base/java.lang.Thread.run(Thread.java:1575)
]]>
            </full-stacktrace>
          </exception> <!-- java.lang.NullPointerException -->
          <reporter-output>
          </reporter-output>
        </test-method> <!-- homePageURLTest -->
        <test-method is-config="true" signature="attachScreenshot(org.testng.ITestResult)[pri:0, instance:com.qa.opencart.test.HomePageTest@6b2e0f78]" started-at="2025-02-14T15:24:46 IST" name="attachScreenshot" finished-at="2025-02-14T15:24:46 IST" duration-ms="304" status="PASS">
          <params>
            <param index="0">
              <value>
                <![CDATA[[TestResult name=homePageURLTest status=SKIP method=HomePageTest.homePageURLTest()[pri:0, instance:com.qa.opencart.test.HomePageTest@6b2e0f78] output={null}]]]>
              </value>
            </param>
          </params>
          <reporter-output>
          </reporter-output>
        </test-method> <!-- attachScreenshot -->
        <test-method signature="homePageURLTest()[pri:0, instance:com.qa.opencart.test.HomePageTest@6b2e0f78]" started-at="2025-02-14T15:24:46 IST" name="homePageURLTest" finished-at="2025-02-14T15:24:51 IST" duration-ms="5224" status="FAIL">
          <exception class="java.lang.NullPointerException">
            <message>
              <![CDATA[Cannot invoke "String.contains(java.lang.CharSequence)" because the return value of "com.qa.opecart.pages.HomePage.getHomePageURL()" is null]]>
            </message>
            <full-stacktrace>
              <![CDATA[java.lang.NullPointerException: Cannot invoke "String.contains(java.lang.CharSequence)" because the return value of "com.qa.opecart.pages.HomePage.getHomePageURL()" is null
at com.qa.opencart.test.HomePageTest.homePageURLTest(HomePageTest.java:32)
at java.base/jdk.internal.reflect.DirectMethodHandleAccessor.invoke(DirectMethodHandleAccessor.java:103)
at java.base/java.lang.reflect.Method.invoke(Method.java:580)
at org.testng.internal.invokers.MethodInvocationHelper.invokeMethod(MethodInvocationHelper.java:141)
at org.testng.internal.invokers.TestInvoker.invokeMethod(TestInvoker.java:686)
at org.testng.internal.invokers.TestInvoker.retryFailed(TestInvoker.java:269)
at org.testng.internal.invokers.MethodRunner.runInSequence(MethodRunner.java:76)
at org.testng.internal.invokers.TestInvoker$MethodInvocationAgent.invoke(TestInvoker.java:992)
at org.testng.internal.invokers.TestInvoker.invokeTestMethods(TestInvoker.java:203)
at org.testng.internal.invokers.TestMethodWorker.invokeTestMethods(TestMethodWorker.java:154)
at org.testng.internal.invokers.TestMethodWorker.run(TestMethodWorker.java:134)
at java.base/java.util.ArrayList.forEach(ArrayList.java:1597)
at org.testng.TestRunner.privateRun(TestRunner.java:739)
at org.testng.TestRunner.run(TestRunner.java:614)
at org.testng.SuiteRunner.runTest(SuiteRunner.java:421)
at org.testng.SuiteRunner$SuiteWorker.run(SuiteRunner.java:463)
at org.testng.internal.thread.ThreadUtil.lambda$execute$0(ThreadUtil.java:64)
at java.base/java.util.concurrent.FutureTask.run(FutureTask.java:317)
at java.base/java.util.concurrent.ThreadPoolExecutor.runWorker(ThreadPoolExecutor.java:1144)
at java.base/java.util.concurrent.ThreadPoolExecutor$Worker.run(ThreadPoolExecutor.java:642)
at java.base/java.lang.Thread.run(Thread.java:1575)
]]>
            </full-stacktrace>
          </exception> <!-- java.lang.NullPointerException -->
          <reporter-output>
          </reporter-output>
        </test-method> <!-- homePageURLTest -->
        <test-method is-config="true" signature="attachScreenshot(org.testng.ITestResult)[pri:0, instance:com.qa.opencart.test.HomePageTest@6b2e0f78]" started-at="2025-02-14T15:24:52 IST" name="attachScreenshot" finished-at="2025-02-14T15:24:52 IST" duration-ms="312" status="PASS">
          <params>
            <param index="0">
              <value>
                <![CDATA[[TestResult name=homePageURLTest status=FAILURE method=HomePageTest.homePageURLTest()[pri:0, instance:com.qa.opencart.test.HomePageTest@6b2e0f78] output={null}]]]>
              </value>
            </param>
          </params>
          <reporter-output>
          </reporter-output>
        </test-method> <!-- attachScreenshot -->
        <test-method signature="logoutLinkExistTest()[pri:0, instance:com.qa.opencart.test.HomePageTest@6b2e0f78]" started-at="2025-02-14T15:24:52 IST" name="logoutLinkExistTest" finished-at="2025-02-14T15:24:52 IST" duration-ms="99" status="PASS">
          <reporter-output>
          </reporter-output>
        </test-method> <!-- logoutLinkExistTest -->
        <test-method is-config="true" signature="attachScreenshot(org.testng.ITestResult)[pri:0, instance:com.qa.opencart.test.HomePageTest@6b2e0f78]" started-at="2025-02-14T15:24:52 IST" name="attachScreenshot" finished-at="2025-02-14T15:24:52 IST" duration-ms="2" status="PASS">
          <params>
            <param index="0">
              <value>
                <![CDATA[[TestResult name=logoutLinkExistTest status=SUCCESS method=HomePageTest.logoutLinkExistTest()[pri:0, instance:com.qa.opencart.test.HomePageTest@6b2e0f78] output={null}]]]>
              </value>
            </param>
          </params>
          <reporter-output>
          </reporter-output>
        </test-method> <!-- attachScreenshot -->
        <test-method signature="searchTest(java.lang.String,int)[pri:0, instance:com.qa.opencart.test.HomePageTest@6b2e0f78]" started-at="2025-02-14T15:24:52 IST" name="searchTest" data-provider="getSearchData" finished-at="2025-02-14T15:24:53 IST" duration-ms="996" status="PASS">
          <params>
            <param index="0">
              <value>
                <![CDATA[macbook]]>
              </value>
            </param>
            <param index="1">
              <value>
                <![CDATA[3]]>
              </value>
            </param>
          </params>
          <reporter-output>
          </reporter-output>
        </test-method> <!-- searchTest -->
        <test-method is-config="true" signature="attachScreenshot(org.testng.ITestResult)[pri:0, instance:com.qa.opencart.test.HomePageTest@6b2e0f78]" started-at="2025-02-14T15:24:53 IST" name="attachScreenshot" finished-at="2025-02-14T15:24:53 IST" duration-ms="2" status="PASS">
          <params>
            <param index="0">
              <value>
                <![CDATA[[TestResult name=searchTest status=SUCCESS method=HomePageTest.searchTest(java.lang.String,int)[pri:0, instance:com.qa.opencart.test.HomePageTest@6b2e0f78] output={null}]]]>
              </value>
            </param>
          </params>
          <reporter-output>
          </reporter-output>
        </test-method> <!-- attachScreenshot -->
        <test-method signature="searchTest(java.lang.String,int)[pri:0, instance:com.qa.opencart.test.HomePageTest@6b2e0f78]" started-at="2025-02-14T15:24:53 IST" name="searchTest" data-provider="getSearchData" finished-at="2025-02-14T15:24:54 IST" duration-ms="977" status="PASS">
          <params>
            <param index="0">
              <value>
                <![CDATA[imac]]>
              </value>
            </param>
            <param index="1">
              <value>
                <![CDATA[1]]>
              </value>
            </param>
          </params>
          <reporter-output>
          </reporter-output>
        </test-method> <!-- searchTest -->
        <test-method is-config="true" signature="attachScreenshot(org.testng.ITestResult)[pri:0, instance:com.qa.opencart.test.HomePageTest@6b2e0f78]" started-at="2025-02-14T15:24:54 IST" name="attachScreenshot" finished-at="2025-02-14T15:24:54 IST" duration-ms="1" status="PASS">
          <params>
            <param index="0">
              <value>
                <![CDATA[[TestResult name=searchTest status=SUCCESS method=HomePageTest.searchTest(java.lang.String,int)[pri:0, instance:com.qa.opencart.test.HomePageTest@6b2e0f78] output={null}]]]>
              </value>
            </param>
          </params>
          <reporter-output>
          </reporter-output>
        </test-method> <!-- attachScreenshot -->
        <test-method signature="searchTest(java.lang.String,int)[pri:0, instance:com.qa.opencart.test.HomePageTest@6b2e0f78]" started-at="2025-02-14T15:24:54 IST" name="searchTest" data-provider="getSearchData" finished-at="2025-02-14T15:24:55 IST" duration-ms="948" status="PASS">
          <params>
            <param index="0">
              <value>
                <![CDATA[samsung]]>
              </value>
            </param>
            <param index="1">
              <value>
                <![CDATA[2]]>
              </value>
            </param>
          </params>
          <reporter-output>
          </reporter-output>
        </test-method> <!-- searchTest -->
        <test-method is-config="true" signature="attachScreenshot(org.testng.ITestResult)[pri:0, instance:com.qa.opencart.test.HomePageTest@6b2e0f78]" started-at="2025-02-14T15:24:55 IST" name="attachScreenshot" finished-at="2025-02-14T15:24:55 IST" duration-ms="1" status="PASS">
          <params>
            <param index="0">
              <value>
                <![CDATA[[TestResult name=searchTest status=SUCCESS method=HomePageTest.searchTest(java.lang.String,int)[pri:0, instance:com.qa.opencart.test.HomePageTest@6b2e0f78] output={null}]]]>
              </value>
            </param>
          </params>
          <reporter-output>
          </reporter-output>
        </test-method> <!-- attachScreenshot -->
        <test-method signature="searchTest(java.lang.String,int)[pri:0, instance:com.qa.opencart.test.HomePageTest@6b2e0f78]" started-at="2025-02-14T15:24:55 IST" name="searchTest" data-provider="getSearchData" finished-at="2025-02-14T15:24:56 IST" duration-ms="813" status="PASS">
          <params>
            <param index="0">
              <value>
                <![CDATA[canon]]>
              </value>
            </param>
            <param index="1">
              <value>
                <![CDATA[1]]>
              </value>
            </param>
          </params>
          <reporter-output>
          </reporter-output>
        </test-method> <!-- searchTest -->
        <test-method is-config="true" signature="attachScreenshot(org.testng.ITestResult)[pri:0, instance:com.qa.opencart.test.HomePageTest@6b2e0f78]" started-at="2025-02-14T15:24:56 IST" name="attachScreenshot" finished-at="2025-02-14T15:24:56 IST" duration-ms="1" status="PASS">
          <params>
            <param index="0">
              <value>
                <![CDATA[[TestResult name=searchTest status=SUCCESS method=HomePageTest.searchTest(java.lang.String,int)[pri:0, instance:com.qa.opencart.test.HomePageTest@6b2e0f78] output={null}]]]>
              </value>
            </param>
          </params>
          <reporter-output>
          </reporter-output>
        </test-method> <!-- attachScreenshot -->
        <test-method signature="searchTest(java.lang.String,int)[pri:0, instance:com.qa.opencart.test.HomePageTest@6b2e0f78]" started-at="2025-02-14T15:24:56 IST" name="searchTest" data-provider="getSearchData" finished-at="2025-02-14T15:25:07 IST" duration-ms="10842" status="PASS">
          <params>
            <param index="0">
              <value>
                <![CDATA[airtel]]>
              </value>
            </param>
            <param index="1">
              <value>
                <![CDATA[0]]>
              </value>
            </param>
          </params>
          <reporter-output>
          </reporter-output>
        </test-method> <!-- searchTest -->
        <test-method is-config="true" signature="attachScreenshot(org.testng.ITestResult)[pri:0, instance:com.qa.opencart.test.HomePageTest@6b2e0f78]" started-at="2025-02-14T15:25:07 IST" name="attachScreenshot" finished-at="2025-02-14T15:25:07 IST" duration-ms="1" status="PASS">
          <params>
            <param index="0">
              <value>
                <![CDATA[[TestResult name=searchTest status=SUCCESS method=HomePageTest.searchTest(java.lang.String,int)[pri:0, instance:com.qa.opencart.test.HomePageTest@6b2e0f78] output={null}]]]>
              </value>
            </param>
          </params>
          <reporter-output>
          </reporter-output>
        </test-method> <!-- attachScreenshot -->
        <test-method is-config="true" signature="tearDown()[pri:0, instance:com.qa.opencart.test.HomePageTest@6b2e0f78]" started-at="2025-02-14T15:25:07 IST" name="tearDown" description="closing the browser..." finished-at="2025-02-14T15:25:07 IST" duration-ms="424" status="PASS">
          <reporter-output>
          </reporter-output>
        </test-method> <!-- tearDown -->
      </class> <!-- com.qa.opencart.test.HomePageTest -->
    </test> <!-- Home Page Test -->
  </suite> <!-- Opencart App Test Regression Suite -->
</testng-results>
