<?xml version="1.0" encoding="UTF-8"?>
<!-- Generated by org.testng.reporters.JUnitReportReporter -->
<testsuite hostname="DESKTOP-8V19EOH" failures="0" tests="12" name="com.qa.opencart.test.HomePageTest" time="37.322" errors="1" timestamp="2025-02-14T15:25:08 IST" skipped="3">
  <testcase classname="com.qa.opencart.test.HomePageTest" name="homePageURLTest" time="5.672">
    <skipped/>
  </testcase> <!-- homePageURLTest -->
  <testcase classname="com.qa.opencart.test.HomePageTest" name="headersTest" time="0.252"/>
  <testcase classname="com.qa.opencart.test.HomePageTest" name="searchTest" time="1.289"/>
  <testcase classname="com.qa.opencart.test.HomePageTest" name="searchTest" time="0.950"/>
  <testcase classname="com.qa.opencart.test.HomePageTest" name="homePageURLTest" time="5.225">
    <error message="Cannot invoke &quot;String.contains(java.lang.CharSequence)&quot; because the return value of &quot;com.qa.opecart.pages.HomePage.getHomePageURL()&quot; is null" type="java.lang.NullPointerException">
      <![CDATA[java.lang.NullPointerException: Cannot invoke "String.contains(java.lang.CharSequence)" because the return value of "com.qa.opecart.pages.HomePage.getHomePageURL()" is null
at com.qa.opencart.test.HomePageTest.homePageURLTest(HomePageTest.java:32)
at java.base/jdk.internal.reflect.DirectMethodHandleAccessor.invoke(DirectMethodHandleAccessor.java:103)
at java.base/java.lang.reflect.Method.invoke(Method.java:580)
at org.testng.internal.invokers.MethodInvocationHelper.invokeMethod(MethodInvocationHelper.java:141)
at org.testng.internal.invokers.TestInvoker.invokeMethod(TestInvoker.java:686)
at org.testng.internal.invokers.TestInvoker.retryFailed(TestInvoker.java:269)
at org.testng.internal.invokers.MethodRunner.runInSequence(MethodRunner.java:76)
at org.testng.internal.invokers.TestInvoker$MethodInvocationAgent.invoke(TestInvoker.java:992)
at org.testng.internal.invokers.TestInvoker.invokeTestMethods(TestInvoker.java:203)
at org.testng.internal.invokers.TestMethodWorker.invokeTestMethods(TestMethodWorker.java:154)
at org.testng.internal.invokers.TestMethodWorker.run(TestMethodWorker.java:134)
at java.base/java.util.ArrayList.forEach(ArrayList.java:1597)
at org.testng.TestRunner.privateRun(TestRunner.java:739)
at org.testng.TestRunner.run(TestRunner.java:614)
at org.testng.SuiteRunner.runTest(SuiteRunner.java:421)
at org.testng.SuiteRunner$SuiteWorker.run(SuiteRunner.java:463)
at org.testng.internal.thread.ThreadUtil.lambda$execute$0(ThreadUtil.java:64)
at java.base/java.util.concurrent.FutureTask.run(FutureTask.java:317)
at java.base/java.util.concurrent.ThreadPoolExecutor.runWorker(ThreadPoolExecutor.java:1144)
at java.base/java.util.concurrent.ThreadPoolExecutor$Worker.run(ThreadPoolExecutor.java:642)
at java.base/java.lang.Thread.run(Thread.java:1575)
]]>
    </error>
  </testcase> <!-- homePageURLTest -->
  <testcase classname="com.qa.opencart.test.HomePageTest" name="logoutLinkExistTest" time="0.411"/>
  <testcase classname="com.qa.opencart.test.HomePageTest" name="searchTest" time="10.843"/>
  <testcase classname="com.qa.opencart.test.HomePageTest" name="homePageURLTest" time="5.251">
    <skipped/>
  </testcase> <!-- homePageURLTest -->
  <testcase classname="com.qa.opencart.test.HomePageTest" name="searchTest" time="0.997"/>
  <testcase classname="com.qa.opencart.test.HomePageTest" name="homePageURLTest" time="5.554">
    <skipped/>
  </testcase> <!-- homePageURLTest -->
  <testcase classname="com.qa.opencart.test.HomePageTest" name="homePageTitleTest" time="0.064"/>
  <testcase classname="com.qa.opencart.test.HomePageTest" name="searchTest" time="0.814"/>
</testsuite> <!-- com.qa.opencart.test.HomePageTest -->
